nohup: ignoring input
[ WARN:0@0.437] global cap_v4l.cpp:997 open VIDEOIO(V4L2:/dev/video0): can't open camera by index
[ WARN:0@0.449] global obsensor_stream_channel_v4l2.cpp:82 xioctl ioctl: fd=-1, req=-2140645888
[ WARN:0@0.449] global obsensor_stream_channel_v4l2.cpp:138 queryUvcDeviceInfoList ioctl error return: 9
[ WARN:0@0.449] global obsensor_stream_channel_v4l2.cpp:82 xioctl ioctl: fd=-1, req=-2140645888
[ WARN:0@0.449] global obsensor_stream_channel_v4l2.cpp:138 queryUvcDeviceInfoList ioctl error return: 9
[ WARN:0@0.449] global obsensor_stream_channel_v4l2.cpp:82 xioctl ioctl: fd=-1, req=-2140645888
[ WARN:0@0.449] global obsensor_stream_channel_v4l2.cpp:138 queryUvcDeviceInfoList ioctl error return: 9
[ WARN:0@0.449] global obsensor_stream_channel_v4l2.cpp:82 xioctl ioctl: fd=-1, req=-2140645888
[ WARN:0@0.449] global obsensor_stream_channel_v4l2.cpp:138 queryUvcDeviceInfoList ioctl error return: 9
[ WARN:0@0.449] global obsensor_stream_channel_v4l2.cpp:82 xioctl ioctl: fd=-1, req=-2140645888
[ WARN:0@0.449] global obsensor_stream_channel_v4l2.cpp:138 queryUvcDeviceInfoList ioctl error return: 9
[ WARN:0@0.449] global obsensor_stream_channel_v4l2.cpp:82 xioctl ioctl: fd=-1, req=-2140645888
[ WARN:0@0.449] global obsensor_stream_channel_v4l2.cpp:138 queryUvcDeviceInfoList ioctl error return: 9
[ WARN:0@0.450] global obsensor_stream_channel_v4l2.cpp:82 xioctl ioctl: fd=-1, req=-2140645888
[ WARN:0@0.450] global obsensor_stream_channel_v4l2.cpp:138 queryUvcDeviceInfoList ioctl error return: 9
[ WARN:0@0.450] global obsensor_stream_channel_v4l2.cpp:82 xioctl ioctl: fd=-1, req=-2140645888
[ WARN:0@0.450] global obsensor_stream_channel_v4l2.cpp:138 queryUvcDeviceInfoList ioctl error return: 9
[ WARN:0@0.450] global obsensor_stream_channel_v4l2.cpp:82 xioctl ioctl: fd=-1, req=-2140645888
[ WARN:0@0.450] global obsensor_stream_channel_v4l2.cpp:138 queryUvcDeviceInfoList ioctl error return: 9
[ WARN:0@0.450] global obsensor_stream_channel_v4l2.cpp:82 xioctl ioctl: fd=-1, req=-2140645888
[ WARN:0@0.450] global obsensor_stream_channel_v4l2.cpp:138 queryUvcDeviceInfoList ioctl error return: 9
[ WARN:0@0.450] global obsensor_stream_channel_v4l2.cpp:82 xioctl ioctl: fd=-1, req=-2140645888
[ WARN:0@0.450] global obsensor_stream_channel_v4l2.cpp:138 queryUvcDeviceInfoList ioctl error return: 9
[ WARN:0@0.450] global obsensor_stream_channel_v4l2.cpp:82 xioctl ioctl: fd=-1, req=-2140645888
[ WARN:0@0.450] global obsensor_stream_channel_v4l2.cpp:138 queryUvcDeviceInfoList ioctl error return: 9
[ WARN:0@0.450] global obsensor_stream_channel_v4l2.cpp:82 xioctl ioctl: fd=-1, req=-2140645888
[ WARN:0@0.450] global obsensor_stream_channel_v4l2.cpp:138 queryUvcDeviceInfoList ioctl error return: 9
[ WARN:0@0.451] global obsensor_stream_channel_v4l2.cpp:82 xioctl ioctl: fd=-1, req=-2140645888
[ WARN:0@0.451] global obsensor_stream_channel_v4l2.cpp:138 queryUvcDeviceInfoList ioctl error return: 9
[ WARN:0@0.451] global obsensor_stream_channel_v4l2.cpp:82 xioctl ioctl: fd=-1, req=-2140645888
[ WARN:0@0.451] global obsensor_stream_channel_v4l2.cpp:138 queryUvcDeviceInfoList ioctl error return: 9
[ WARN:0@0.453] global obsensor_stream_channel_v4l2.cpp:82 xioctl ioctl: fd=-1, req=-2140645888
[ WARN:0@0.453] global obsensor_stream_channel_v4l2.cpp:138 queryUvcDeviceInfoList ioctl error return: 9
[ WARN:0@0.453] global obsensor_stream_channel_v4l2.cpp:82 xioctl ioctl: fd=-1, req=-2140645888
[ WARN:0@0.453] global obsensor_stream_channel_v4l2.cpp:138 queryUvcDeviceInfoList ioctl error return: 9
[ WARN:0@0.453] global obsensor_stream_channel_v4l2.cpp:82 xioctl ioctl: fd=-1, req=-2140645888
[ WARN:0@0.453] global obsensor_stream_channel_v4l2.cpp:138 queryUvcDeviceInfoList ioctl error return: 9
[ WARN:0@0.453] global obsensor_stream_channel_v4l2.cpp:82 xioctl ioctl: fd=-1, req=-2140645888
[ WARN:0@0.453] global obsensor_stream_channel_v4l2.cpp:138 queryUvcDeviceInfoList ioctl error return: 9
[ WARN:0@0.453] global obsensor_stream_channel_v4l2.cpp:82 xioctl ioctl: fd=-1, req=-2140645888
[ WARN:0@0.453] global obsensor_stream_channel_v4l2.cpp:138 queryUvcDeviceInfoList ioctl error return: 9
[ WARN:0@0.454] global obsensor_stream_channel_v4l2.cpp:82 xioctl ioctl: fd=-1, req=-2140645888
[ WARN:0@0.454] global obsensor_stream_channel_v4l2.cpp:138 queryUvcDeviceInfoList ioctl error return: 9
[ WARN:0@0.454] global obsensor_stream_channel_v4l2.cpp:82 xioctl ioctl: fd=-1, req=-2140645888
[ WARN:0@0.454] global obsensor_stream_channel_v4l2.cpp:138 queryUvcDeviceInfoList ioctl error return: 9
[ WARN:0@0.454] global obsensor_stream_channel_v4l2.cpp:82 xioctl ioctl: fd=-1, req=-2140645888
[ WARN:0@0.454] global obsensor_stream_channel_v4l2.cpp:138 queryUvcDeviceInfoList ioctl error return: 9
[ WARN:0@0.454] global obsensor_stream_channel_v4l2.cpp:82 xioctl ioctl: fd=-1, req=-2140645888
[ WARN:0@0.454] global obsensor_stream_channel_v4l2.cpp:138 queryUvcDeviceInfoList ioctl error return: 9
[ WARN:0@0.454] global obsensor_stream_channel_v4l2.cpp:82 xioctl ioctl: fd=-1, req=-2140645888
[ WARN:0@0.454] global obsensor_stream_channel_v4l2.cpp:138 queryUvcDeviceInfoList ioctl error return: 9
[ WARN:0@0.455] global obsensor_stream_channel_v4l2.cpp:82 xioctl ioctl: fd=-1, req=-2140645888
[ WARN:0@0.455] global obsensor_stream_channel_v4l2.cpp:138 queryUvcDeviceInfoList ioctl error return: 9
[ WARN:0@0.455] global obsensor_stream_channel_v4l2.cpp:82 xioctl ioctl: fd=-1, req=-2140645888
[ WARN:0@0.455] global obsensor_stream_channel_v4l2.cpp:138 queryUvcDeviceInfoList ioctl error return: 9
[ WARN:0@0.455] global obsensor_stream_channel_v4l2.cpp:82 xioctl ioctl: fd=-1, req=-2140645888
[ WARN:0@0.455] global obsensor_stream_channel_v4l2.cpp:138 queryUvcDeviceInfoList ioctl error return: 9
[ WARN:0@0.455] global obsensor_stream_channel_v4l2.cpp:82 xioctl ioctl: fd=-1, req=-2140645888
[ WARN:0@0.455] global obsensor_stream_channel_v4l2.cpp:138 queryUvcDeviceInfoList ioctl error return: 9
[ERROR:0@0.455] global obsensor_uvc_stream_channel.cpp:159 getStreamChannelGroup Camera index out of range
[ WARN:0@0.456] global cap_v4l.cpp:997 open VIDEOIO(V4L2:/dev/video1): can't open camera by index
[ WARN:0@0.456] global obsensor_stream_channel_v4l2.cpp:82 xioctl ioctl: fd=-1, req=-2140645888
[ WARN:0@0.456] global obsensor_stream_channel_v4l2.cpp:138 queryUvcDeviceInfoList ioctl error return: 9
[ WARN:0@0.456] global obsensor_stream_channel_v4l2.cpp:82 xioctl ioctl: fd=-1, req=-2140645888
[ WARN:0@0.456] global obsensor_stream_channel_v4l2.cpp:138 queryUvcDeviceInfoList ioctl error return: 9
[ WARN:0@0.456] global obsensor_stream_channel_v4l2.cpp:82 xioctl ioctl: fd=-1, req=-2140645888
[ WARN:0@0.456] global obsensor_stream_channel_v4l2.cpp:138 queryUvcDeviceInfoList ioctl error return: 9
[ WARN:0@0.457] global obsensor_stream_channel_v4l2.cpp:82 xioctl ioctl: fd=-1, req=-2140645888
[ WARN:0@0.457] global obsensor_stream_channel_v4l2.cpp:138 queryUvcDeviceInfoList ioctl error return: 9
[ WARN:0@0.457] global obsensor_stream_channel_v4l2.cpp:82 xioctl ioctl: fd=-1, req=-2140645888
[ WARN:0@0.457] global obsensor_stream_channel_v4l2.cpp:138 queryUvcDeviceInfoList ioctl error return: 9
[ WARN:0@0.457] global obsensor_stream_channel_v4l2.cpp:82 xioctl ioctl: fd=-1, req=-2140645888
[ WARN:0@0.457] global obsensor_stream_channel_v4l2.cpp:138 queryUvcDeviceInfoList ioctl error return: 9
[ WARN:0@0.457] global obsensor_stream_channel_v4l2.cpp:82 xioctl ioctl: fd=-1, req=-2140645888
[ WARN:0@0.457] global obsensor_stream_channel_v4l2.cpp:138 queryUvcDeviceInfoList ioctl error return: 9
[ WARN:0@0.457] global obsensor_stream_channel_v4l2.cpp:82 xioctl ioctl: fd=-1, req=-2140645888
[ WARN:0@0.457] global obsensor_stream_channel_v4l2.cpp:138 queryUvcDeviceInfoList ioctl error return: 9
[ WARN:0@0.457] global obsensor_stream_channel_v4l2.cpp:82 xioctl ioctl: fd=-1, req=-2140645888
[ WARN:0@0.457] global obsensor_stream_channel_v4l2.cpp:138 queryUvcDeviceInfoList ioctl error return: 9
[ WARN:0@0.457] global obsensor_stream_channel_v4l2.cpp:82 xioctl ioctl: fd=-1, req=-2140645888
[ WARN:0@0.457] global obsensor_stream_channel_v4l2.cpp:138 queryUvcDeviceInfoList ioctl error return: 9
[ WARN:0@0.458] global obsensor_stream_channel_v4l2.cpp:82 xioctl ioctl: fd=-1, req=-2140645888
[ WARN:0@0.458] global obsensor_stream_channel_v4l2.cpp:138 queryUvcDeviceInfoList ioctl error return: 9
[ WARN:0@0.458] global obsensor_stream_channel_v4l2.cpp:82 xioctl ioctl: fd=-1, req=-2140645888
[ WARN:0@0.458] global obsensor_stream_channel_v4l2.cpp:138 queryUvcDeviceInfoList ioctl error return: 9
[ WARN:0@0.458] global obsensor_stream_channel_v4l2.cpp:82 xioctl ioctl: fd=-1, req=-2140645888
[ WARN:0@0.458] global obsensor_stream_channel_v4l2.cpp:138 queryUvcDeviceInfoList ioctl error return: 9
[ WARN:0@0.458] global obsensor_stream_channel_v4l2.cpp:82 xioctl ioctl: fd=-1, req=-2140645888
[ WARN:0@0.458] global obsensor_stream_channel_v4l2.cpp:138 queryUvcDeviceInfoList ioctl error return: 9
[ WARN:0@0.458] global obsensor_stream_channel_v4l2.cpp:82 xioctl ioctl: fd=-1, req=-2140645888
[ WARN:0@0.458] global obsensor_stream_channel_v4l2.cpp:138 queryUvcDeviceInfoList ioctl error return: 9
[ WARN:0@0.458] global obsensor_stream_channel_v4l2.cpp:82 xioctl ioctl: fd=-1, req=-2140645888
[ WARN:0@0.458] global obsensor_stream_channel_v4l2.cpp:138 queryUvcDeviceInfoList ioctl error return: 9
[ WARN:0@0.458] global obsensor_stream_channel_v4l2.cpp:82 xioctl ioctl: fd=-1, req=-2140645888
[ WARN:0@0.458] global obsensor_stream_channel_v4l2.cpp:138 queryUvcDeviceInfoList ioctl error return: 9
[ WARN:0@0.459] global obsensor_stream_channel_v4l2.cpp:82 xioctl ioctl: fd=-1, req=-2140645888
[ WARN:0@0.459] global obsensor_stream_channel_v4l2.cpp:138 queryUvcDeviceInfoList ioctl error return: 9
[ WARN:0@0.459] global obsensor_stream_channel_v4l2.cpp:82 xioctl ioctl: fd=-1, req=-2140645888
[ WARN:0@0.459] global obsensor_stream_channel_v4l2.cpp:138 queryUvcDeviceInfoList ioctl error return: 9
[ WARN:0@0.459] global obsensor_stream_channel_v4l2.cpp:82 xioctl ioctl: fd=-1, req=-2140645888
[ WARN:0@0.459] global obsensor_stream_channel_v4l2.cpp:138 queryUvcDeviceInfoList ioctl error return: 9
[ WARN:0@0.459] global obsensor_stream_channel_v4l2.cpp:82 xioctl ioctl: fd=-1, req=-2140645888
[ WARN:0@0.459] global obsensor_stream_channel_v4l2.cpp:138 queryUvcDeviceInfoList ioctl error return: 9
[ WARN:0@0.459] global obsensor_stream_channel_v4l2.cpp:82 xioctl ioctl: fd=-1, req=-2140645888
[ WARN:0@0.459] global obsensor_stream_channel_v4l2.cpp:138 queryUvcDeviceInfoList ioctl error return: 9
[ WARN:0@0.459] global obsensor_stream_channel_v4l2.cpp:82 xioctl ioctl: fd=-1, req=-2140645888
[ WARN:0@0.459] global obsensor_stream_channel_v4l2.cpp:138 queryUvcDeviceInfoList ioctl error return: 9
[ WARN:0@0.459] global obsensor_stream_channel_v4l2.cpp:82 xioctl ioctl: fd=-1, req=-2140645888
[ WARN:0@0.459] global obsensor_stream_channel_v4l2.cpp:138 queryUvcDeviceInfoList ioctl error return: 9
[ WARN:0@0.460] global obsensor_stream_channel_v4l2.cpp:82 xioctl ioctl: fd=-1, req=-2140645888
[ WARN:0@0.460] global obsensor_stream_channel_v4l2.cpp:138 queryUvcDeviceInfoList ioctl error return: 9
[ WARN:0@0.469] global obsensor_stream_channel_v4l2.cpp:82 xioctl ioctl: fd=-1, req=-2140645888
[ WARN:0@0.469] global obsensor_stream_channel_v4l2.cpp:138 queryUvcDeviceInfoList ioctl error return: 9
[ WARN:0@0.469] global obsensor_stream_channel_v4l2.cpp:82 xioctl ioctl: fd=-1, req=-2140645888
[ WARN:0@0.469] global obsensor_stream_channel_v4l2.cpp:138 queryUvcDeviceInfoList ioctl error return: 9
[ WARN:0@0.469] global obsensor_stream_channel_v4l2.cpp:82 xioctl ioctl: fd=-1, req=-2140645888
[ WARN:0@0.469] global obsensor_stream_channel_v4l2.cpp:138 queryUvcDeviceInfoList ioctl error return: 9
[ WARN:0@0.469] global obsensor_stream_channel_v4l2.cpp:82 xioctl ioctl: fd=-1, req=-2140645888
[ WARN:0@0.469] global obsensor_stream_channel_v4l2.cpp:138 queryUvcDeviceInfoList ioctl error return: 9
[ERROR:0@0.469] global obsensor_uvc_stream_channel.cpp:159 getStreamChannelGroup Camera index out of range
[ WARN:0@0.469] global cap_v4l.cpp:997 open VIDEOIO(V4L2:/dev/video2): can't open camera by index
[ WARN:0@0.470] global obsensor_stream_channel_v4l2.cpp:82 xioctl ioctl: fd=-1, req=-2140645888
[ WARN:0@0.470] global obsensor_stream_channel_v4l2.cpp:138 queryUvcDeviceInfoList ioctl error return: 9
[ WARN:0@0.470] global obsensor_stream_channel_v4l2.cpp:82 xioctl ioctl: fd=-1, req=-2140645888
[ WARN:0@0.470] global obsensor_stream_channel_v4l2.cpp:138 queryUvcDeviceInfoList ioctl error return: 9
[ WARN:0@0.470] global obsensor_stream_channel_v4l2.cpp:82 xioctl ioctl: fd=-1, req=-2140645888
[ WARN:0@0.470] global obsensor_stream_channel_v4l2.cpp:138 queryUvcDeviceInfoList ioctl error return: 9
[ WARN:0@0.470] global obsensor_stream_channel_v4l2.cpp:82 xioctl ioctl: fd=-1, req=-2140645888
[ WARN:0@0.470] global obsensor_stream_channel_v4l2.cpp:138 queryUvcDeviceInfoList ioctl error return: 9
[ WARN:0@0.470] global obsensor_stream_channel_v4l2.cpp:82 xioctl ioctl: fd=-1, req=-2140645888
[ WARN:0@0.470] global obsensor_stream_channel_v4l2.cpp:138 queryUvcDeviceInfoList ioctl error return: 9
[ WARN:0@0.471] global obsensor_stream_channel_v4l2.cpp:82 xioctl ioctl: fd=-1, req=-2140645888
[ WARN:0@0.471] global obsensor_stream_channel_v4l2.cpp:138 queryUvcDeviceInfoList ioctl error return: 9
[ WARN:0@0.471] global obsensor_stream_channel_v4l2.cpp:82 xioctl ioctl: fd=-1, req=-2140645888
[ WARN:0@0.471] global obsensor_stream_channel_v4l2.cpp:138 queryUvcDeviceInfoList ioctl error return: 9
[ WARN:0@0.471] global obsensor_stream_channel_v4l2.cpp:82 xioctl ioctl: fd=-1, req=-2140645888
[ WARN:0@0.471] global obsensor_stream_channel_v4l2.cpp:138 queryUvcDeviceInfoList ioctl error return: 9
[ WARN:0@0.471] global obsensor_stream_channel_v4l2.cpp:82 xioctl ioctl: fd=-1, req=-2140645888
[ WARN:0@0.471] global obsensor_stream_channel_v4l2.cpp:138 queryUvcDeviceInfoList ioctl error return: 9
[ WARN:0@0.471] global obsensor_stream_channel_v4l2.cpp:82 xioctl ioctl: fd=-1, req=-2140645888
[ WARN:0@0.471] global obsensor_stream_channel_v4l2.cpp:138 queryUvcDeviceInfoList ioctl error return: 9
[ WARN:0@0.471] global obsensor_stream_channel_v4l2.cpp:82 xioctl ioctl: fd=-1, req=-2140645888
[ WARN:0@0.471] global obsensor_stream_channel_v4l2.cpp:138 queryUvcDeviceInfoList ioctl error return: 9
[ WARN:0@0.471] global obsensor_stream_channel_v4l2.cpp:82 xioctl ioctl: fd=-1, req=-2140645888
[ WARN:0@0.471] global obsensor_stream_channel_v4l2.cpp:138 queryUvcDeviceInfoList ioctl error return: 9
[ WARN:0@0.472] global obsensor_stream_channel_v4l2.cpp:82 xioctl ioctl: fd=-1, req=-2140645888
[ WARN:0@0.472] global obsensor_stream_channel_v4l2.cpp:138 queryUvcDeviceInfoList ioctl error return: 9
[ WARN:0@0.472] global obsensor_stream_channel_v4l2.cpp:82 xioctl ioctl: fd=-1, req=-2140645888
[ WARN:0@0.472] global obsensor_stream_channel_v4l2.cpp:138 queryUvcDeviceInfoList ioctl error return: 9
[ WARN:0@0.472] global obsensor_stream_channel_v4l2.cpp:82 xioctl ioctl: fd=-1, req=-2140645888
[ WARN:0@0.472] global obsensor_stream_channel_v4l2.cpp:138 queryUvcDeviceInfoList ioctl error return: 9
[ WARN:0@0.472] global obsensor_stream_channel_v4l2.cpp:82 xioctl ioctl: fd=-1, req=-2140645888
[ WARN:0@0.472] global obsensor_stream_channel_v4l2.cpp:138 queryUvcDeviceInfoList ioctl error return: 9
[ WARN:0@0.472] global obsensor_stream_channel_v4l2.cpp:82 xioctl ioctl: fd=-1, req=-2140645888
[ WARN:0@0.472] global obsensor_stream_channel_v4l2.cpp:138 queryUvcDeviceInfoList ioctl error return: 9
[ WARN:0@0.472] global obsensor_stream_channel_v4l2.cpp:82 xioctl ioctl: fd=-1, req=-2140645888
[ WARN:0@0.472] global obsensor_stream_channel_v4l2.cpp:138 queryUvcDeviceInfoList ioctl error return: 9
[ WARN:0@0.472] global obsensor_stream_channel_v4l2.cpp:82 xioctl ioctl: fd=-1, req=-2140645888
[ WARN:0@0.472] global obsensor_stream_channel_v4l2.cpp:138 queryUvcDeviceInfoList ioctl error return: 9
[ WARN:0@0.473] global obsensor_stream_channel_v4l2.cpp:82 xioctl ioctl: fd=-1, req=-2140645888
[ WARN:0@0.473] global obsensor_stream_channel_v4l2.cpp:138 queryUvcDeviceInfoList ioctl error return: 9
[ WARN:0@0.473] global obsensor_stream_channel_v4l2.cpp:82 xioctl ioctl: fd=-1, req=-2140645888
[ WARN:0@0.473] global obsensor_stream_channel_v4l2.cpp:138 queryUvcDeviceInfoList ioctl error return: 9
[ WARN:0@0.473] global obsensor_stream_channel_v4l2.cpp:82 xioctl ioctl: fd=-1, req=-2140645888
[ WARN:0@0.473] global obsensor_stream_channel_v4l2.cpp:138 queryUvcDeviceInfoList ioctl error return: 9
[ WARN:0@0.473] global obsensor_stream_channel_v4l2.cpp:82 xioctl ioctl: fd=-1, req=-2140645888
[ WARN:0@0.473] global obsensor_stream_channel_v4l2.cpp:138 queryUvcDeviceInfoList ioctl error return: 9
[ WARN:0@0.473] global obsensor_stream_channel_v4l2.cpp:82 xioctl ioctl: fd=-1, req=-2140645888
[ WARN:0@0.473] global obsensor_stream_channel_v4l2.cpp:138 queryUvcDeviceInfoList ioctl error return: 9
[ WARN:0@0.473] global obsensor_stream_channel_v4l2.cpp:82 xioctl ioctl: fd=-1, req=-2140645888
[ WARN:0@0.473] global obsensor_stream_channel_v4l2.cpp:138 queryUvcDeviceInfoList ioctl error return: 9
[ WARN:0@0.474] global obsensor_stream_channel_v4l2.cpp:82 xioctl ioctl: fd=-1, req=-2140645888
[ WARN:0@0.474] global obsensor_stream_channel_v4l2.cpp:138 queryUvcDeviceInfoList ioctl error return: 9
[ WARN:0@0.474] global obsensor_stream_channel_v4l2.cpp:82 xioctl ioctl: fd=-1, req=-2140645888
[ WARN:0@0.474] global obsensor_stream_channel_v4l2.cpp:138 queryUvcDeviceInfoList ioctl error return: 9
[ WARN:0@0.474] global obsensor_stream_channel_v4l2.cpp:82 xioctl ioctl: fd=-1, req=-2140645888
[ WARN:0@0.474] global obsensor_stream_channel_v4l2.cpp:138 queryUvcDeviceInfoList ioctl error return: 9
[ WARN:0@0.475] global obsensor_stream_channel_v4l2.cpp:82 xioctl ioctl: fd=-1, req=-2140645888
[ WARN:0@0.475] global obsensor_stream_channel_v4l2.cpp:138 queryUvcDeviceInfoList ioctl error return: 9
[ERROR:0@0.475] global obsensor_uvc_stream_channel.cpp:159 getStreamChannelGroup Camera index out of range
[ WARN:0@0.475] global cap_v4l.cpp:997 open VIDEOIO(V4L2:/dev/video3): can't open camera by index
[ WARN:0@0.475] global obsensor_stream_channel_v4l2.cpp:82 xioctl ioctl: fd=-1, req=-2140645888
[ WARN:0@0.475] global obsensor_stream_channel_v4l2.cpp:138 queryUvcDeviceInfoList ioctl error return: 9
[ WARN:0@0.475] global obsensor_stream_channel_v4l2.cpp:82 xioctl ioctl: fd=-1, req=-2140645888
[ WARN:0@0.475] global obsensor_stream_channel_v4l2.cpp:138 queryUvcDeviceInfoList ioctl error return: 9
[ WARN:0@0.476] global obsensor_stream_channel_v4l2.cpp:82 xioctl ioctl: fd=-1, req=-2140645888
[ WARN:0@0.476] global obsensor_stream_channel_v4l2.cpp:138 queryUvcDeviceInfoList ioctl error return: 9
[ WARN:0@0.476] global obsensor_stream_channel_v4l2.cpp:82 xioctl ioctl: fd=-1, req=-2140645888
[ WARN:0@0.476] global obsensor_stream_channel_v4l2.cpp:138 queryUvcDeviceInfoList ioctl error return: 9
[ WARN:0@0.476] global obsensor_stream_channel_v4l2.cpp:82 xioctl ioctl: fd=-1, req=-2140645888
[ WARN:0@0.476] global obsensor_stream_channel_v4l2.cpp:138 queryUvcDeviceInfoList ioctl error return: 9
[ WARN:0@0.476] global obsensor_stream_channel_v4l2.cpp:82 xioctl ioctl: fd=-1, req=-2140645888
[ WARN:0@0.476] global obsensor_stream_channel_v4l2.cpp:138 queryUvcDeviceInfoList ioctl error return: 9
[ WARN:0@0.482] global obsensor_stream_channel_v4l2.cpp:82 xioctl ioctl: fd=-1, req=-2140645888
[ WARN:0@0.482] global obsensor_stream_channel_v4l2.cpp:138 queryUvcDeviceInfoList ioctl error return: 9
[ WARN:0@0.482] global obsensor_stream_channel_v4l2.cpp:82 xioctl ioctl: fd=-1, req=-2140645888
[ WARN:0@0.482] global obsensor_stream_channel_v4l2.cpp:138 queryUvcDeviceInfoList ioctl error return: 9
[ WARN:0@0.482] global obsensor_stream_channel_v4l2.cpp:82 xioctl ioctl: fd=-1, req=-2140645888
[ WARN:0@0.482] global obsensor_stream_channel_v4l2.cpp:138 queryUvcDeviceInfoList ioctl error return: 9
[ WARN:0@0.483] global obsensor_stream_channel_v4l2.cpp:82 xioctl ioctl: fd=-1, req=-2140645888
[ WARN:0@0.483] global obsensor_stream_channel_v4l2.cpp:138 queryUvcDeviceInfoList ioctl error return: 9
[ WARN:0@0.483] global obsensor_stream_channel_v4l2.cpp:82 xioctl ioctl: fd=-1, req=-2140645888
[ WARN:0@0.483] global obsensor_stream_channel_v4l2.cpp:138 queryUvcDeviceInfoList ioctl error return: 9
[ WARN:0@0.483] global obsensor_stream_channel_v4l2.cpp:82 xioctl ioctl: fd=-1, req=-2140645888
[ WARN:0@0.483] global obsensor_stream_channel_v4l2.cpp:138 queryUvcDeviceInfoList ioctl error return: 9
[ WARN:0@0.483] global obsensor_stream_channel_v4l2.cpp:82 xioctl ioctl: fd=-1, req=-2140645888
[ WARN:0@0.483] global obsensor_stream_channel_v4l2.cpp:138 queryUvcDeviceInfoList ioctl error return: 9
[ WARN:0@0.483] global obsensor_stream_channel_v4l2.cpp:82 xioctl ioctl: fd=-1, req=-2140645888
[ WARN:0@0.483] global obsensor_stream_channel_v4l2.cpp:138 queryUvcDeviceInfoList ioctl error return: 9
[ WARN:0@0.483] global obsensor_stream_channel_v4l2.cpp:82 xioctl ioctl: fd=-1, req=-2140645888
[ WARN:0@0.483] global obsensor_stream_channel_v4l2.cpp:138 queryUvcDeviceInfoList ioctl error return: 9
[ WARN:0@0.483] global obsensor_stream_channel_v4l2.cpp:82 xioctl ioctl: fd=-1, req=-2140645888
[ WARN:0@0.483] global obsensor_stream_channel_v4l2.cpp:138 queryUvcDeviceInfoList ioctl error return: 9
[ WARN:0@0.484] global obsensor_stream_channel_v4l2.cpp:82 xioctl ioctl: fd=-1, req=-2140645888
[ WARN:0@0.484] global obsensor_stream_channel_v4l2.cpp:138 queryUvcDeviceInfoList ioctl error return: 9
[ WARN:0@0.484] global obsensor_stream_channel_v4l2.cpp:82 xioctl ioctl: fd=-1, req=-2140645888
[ WARN:0@0.484] global obsensor_stream_channel_v4l2.cpp:138 queryUvcDeviceInfoList ioctl error return: 9
[ WARN:0@0.484] global obsensor_stream_channel_v4l2.cpp:82 xioctl ioctl: fd=-1, req=-2140645888
[ WARN:0@0.484] global obsensor_stream_channel_v4l2.cpp:138 queryUvcDeviceInfoList ioctl error return: 9
[ WARN:0@0.484] global obsensor_stream_channel_v4l2.cpp:82 xioctl ioctl: fd=-1, req=-2140645888
[ WARN:0@0.484] global obsensor_stream_channel_v4l2.cpp:138 queryUvcDeviceInfoList ioctl error return: 9
[ WARN:0@0.484] global obsensor_stream_channel_v4l2.cpp:82 xioctl ioctl: fd=-1, req=-2140645888
[ WARN:0@0.484] global obsensor_stream_channel_v4l2.cpp:138 queryUvcDeviceInfoList ioctl error return: 9
[ WARN:0@0.484] global obsensor_stream_channel_v4l2.cpp:82 xioctl ioctl: fd=-1, req=-2140645888
[ WARN:0@0.484] global obsensor_stream_channel_v4l2.cpp:138 queryUvcDeviceInfoList ioctl error return: 9
[ WARN:0@0.485] global obsensor_stream_channel_v4l2.cpp:82 xioctl ioctl: fd=-1, req=-2140645888
[ WARN:0@0.485] global obsensor_stream_channel_v4l2.cpp:138 queryUvcDeviceInfoList ioctl error return: 9
[ WARN:0@0.485] global obsensor_stream_channel_v4l2.cpp:82 xioctl ioctl: fd=-1, req=-2140645888
[ WARN:0@0.485] global obsensor_stream_channel_v4l2.cpp:138 queryUvcDeviceInfoList ioctl error return: 9
[ WARN:0@0.485] global obsensor_stream_channel_v4l2.cpp:82 xioctl ioctl: fd=-1, req=-2140645888
[ WARN:0@0.485] global obsensor_stream_channel_v4l2.cpp:138 queryUvcDeviceInfoList ioctl error return: 9
[ WARN:0@0.486] global obsensor_stream_channel_v4l2.cpp:82 xioctl ioctl: fd=-1, req=-2140645888
[ WARN:0@0.486] global obsensor_stream_channel_v4l2.cpp:138 queryUvcDeviceInfoList ioctl error return: 9
[ WARN:0@0.486] global obsensor_stream_channel_v4l2.cpp:82 xioctl ioctl: fd=-1, req=-2140645888
[ WARN:0@0.486] global obsensor_stream_channel_v4l2.cpp:138 queryUvcDeviceInfoList ioctl error return: 9
[ WARN:0@0.486] global obsensor_stream_channel_v4l2.cpp:82 xioctl ioctl: fd=-1, req=-2140645888
[ WARN:0@0.486] global obsensor_stream_channel_v4l2.cpp:138 queryUvcDeviceInfoList ioctl error return: 9
[ WARN:0@0.486] global obsensor_stream_channel_v4l2.cpp:82 xioctl ioctl: fd=-1, req=-2140645888
[ WARN:0@0.486] global obsensor_stream_channel_v4l2.cpp:138 queryUvcDeviceInfoList ioctl error return: 9
[ERROR:0@0.486] global obsensor_uvc_stream_channel.cpp:159 getStreamChannelGroup Camera index out of range
2025-07-08 08:18:47,504 - INFO - Found video devices: []
============================================================
    Network Railway Monitoring System - Camera Server
============================================================
Available devices: 0

Starting Flask server...
API Address: http://localhost:8888
API Documentation: http://localhost:8888
Press Ctrl+C to stop server
============================================================
 * Serving Flask app 'camera_server'
 * Debug mode: off
Address already in use
Port 8888 is in use by another program. Either identify and stop that program, or start the server with a different port.
